{"level":"info","message":"Hello from Acquisition!","service":"acquisitions-api"}
{"level":"info","message":"::1 - - [26/Mar/2026:16:10:14 +0000] \"GET / HTTP/1.1\" 304 - \"-\" \"Mozilla/5.0 (Windows NT 10.0; Win64; x64) AppleWebKit/537.36 (KHTML, like Gecko) Chrome/146.0.0.0 Safari/537.36\"","service":"acquisitions-api"}
{"level":"info","message":"Hello from Acquisition!","service":"acquisitions-api"}
{"level":"info","message":"::1 - - [26/Mar/2026:16:18:00 +0000] \"GET / HTTP/1.1\" 304 - \"-\" \"Mozilla/5.0 (Windows NT 10.0; Win64; x64) AppleWebKit/537.36 (KHTML, like Gecko) Chrome/146.0.0.0 Safari/537.36\"","service":"acquisitions-api"}
{"level":"info","message":"::1 - - [26/Mar/2026:16:18:06 +0000] \"GET /healt HTTP/1.1\" 404 144 \"-\" \"Mozilla/5.0 (Windows NT 10.0; Win64; x64) AppleWebKit/537.36 (KHTML, like Gecko) Chrome/146.0.0.0 Safari/537.36\"","service":"acquisitions-api"}
{"level":"info","message":"::1 - - [26/Mar/2026:16:18:11 +0000] \"GET /healt HTTP/1.1\" 404 144 \"-\" \"Mozilla/5.0 (Windows NT 10.0; Win64; x64) AppleWebKit/537.36 (KHTML, like Gecko) Chrome/146.0.0.0 Safari/537.36\"","service":"acquisitions-api"}
{"level":"info","message":"::1 - - [26/Mar/2026:16:18:13 +0000] \"GET /health HTTP/1.1\" 200 76 \"-\" \"Mozilla/5.0 (Windows NT 10.0; Win64; x64) AppleWebKit/537.36 (KHTML, like Gecko) Chrome/146.0.0.0 Safari/537.36\"","service":"acquisitions-api"}
{"level":"info","message":"::1 - - [26/Mar/2026:16:21:05 +0000] \"GET /api HTTP/1.1\" 200 43 \"-\" \"Mozilla/5.0 (Windows NT 10.0; Win64; x64) AppleWebKit/537.36 (KHTML, like Gecko) Chrome/146.0.0.0 Safari/537.36\"","service":"acquisitions-api"}
{"level":"info","message":"Hello from Acquisition!","service":"acquisitions-api"}
{"level":"info","message":"::1 - - [26/Mar/2026:16:21:08 +0000] \"GET / HTTP/1.1\" 200 24 \"-\" \"HTTPie\"","service":"acquisitions-api"}
{"level":"info","message":"::1 - - [26/Mar/2026:16:21:10 +0000] \"GET /api HTTP/1.1\" 200 43 \"-\" \"HTTPie\"","service":"acquisitions-api"}
{"level":"info","message":"::1 - - [26/Mar/2026:16:21:14 +0000] \"GET /api HTTP/1.1\" 200 43 \"-\" \"HTTPie\"","service":"acquisitions-api"}
{"level":"info","message":"::1 - - [26/Mar/2026:16:21:30 +0000] \"GET /health HTTP/1.1\" 200 76 \"-\" \"HTTPie\"","service":"acquisitions-api"}
{"level":"info","message":"::1 - - [26/Mar/2026:16:21:48 +0000] \"POST /api/auth/sign-in HTTP/1.1\" 200 31 \"-\" \"HTTPie\"","service":"acquisitions-api"}
{"level":"info","message":"::1 - - [26/Mar/2026:17:12:16 +0000] \"POST /api/auth/sign-up HTTP/1.1\" 400 144 \"-\" \"HTTPie\"","service":"acquisitions-api"}
{"level":"info","message":"User registered succesfully: ${email","service":"acquisitions-api"}
{"level":"info","message":"::1 - - [26/Mar/2026:17:13:10 +0000] \"POST /api/auth/sign-up HTTP/1.1\" 201 108 \"-\" \"HTTPie\"","service":"acquisitions-api"}
{"level":"error","message":"Signup error password is not defined","service":"acquisitions-api","stack":"ReferenceError: password is not defined\n    at signup (file:///home/przemek/acquisitions/src/controllers/auth.controller.js:19:54)\n    at Layer.handleRequest (/home/przemek/acquisitions/node_modules/router/lib/layer.js:152:17)\n    at next (/home/przemek/acquisitions/node_modules/router/lib/route.js:157:13)\n    at Route.dispatch (/home/przemek/acquisitions/node_modules/router/lib/route.js:117:3)\n    at handle (/home/przemek/acquisitions/node_modules/router/index.js:435:11)\n    at Layer.handleRequest (/home/przemek/acquisitions/node_modules/router/lib/layer.js:152:17)\n    at /home/przemek/acquisitions/node_modules/router/index.js:295:15\n    at processParams (/home/przemek/acquisitions/node_modules/router/index.js:582:12)\n    at next (/home/przemek/acquisitions/node_modules/router/index.js:291:5)\n    at Function.handle (/home/przemek/acquisitions/node_modules/router/index.js:186:3)"}
{"level":"info","message":"::1 - - [26/Mar/2026:17:31:37 +0000] \"POST /api/auth/sign-up HTTP/1.1\" 500 1148 \"-\" \"HTTPie\"","service":"acquisitions-api"}
{"level":"error","message":"Signup error password is not defined","service":"acquisitions-api","stack":"ReferenceError: password is not defined\n    at signup (file:///home/przemek/acquisitions/src/controllers/auth.controller.js:19:54)\n    at Layer.handleRequest (/home/przemek/acquisitions/node_modules/router/lib/layer.js:152:17)\n    at next (/home/przemek/acquisitions/node_modules/router/lib/route.js:157:13)\n    at Route.dispatch (/home/przemek/acquisitions/node_modules/router/lib/route.js:117:3)\n    at handle (/home/przemek/acquisitions/node_modules/router/index.js:435:11)\n    at Layer.handleRequest (/home/przemek/acquisitions/node_modules/router/lib/layer.js:152:17)\n    at /home/przemek/acquisitions/node_modules/router/index.js:295:15\n    at processParams (/home/przemek/acquisitions/node_modules/router/index.js:582:12)\n    at next (/home/przemek/acquisitions/node_modules/router/index.js:291:5)\n    at Function.handle (/home/przemek/acquisitions/node_modules/router/index.js:186:3)"}
{"level":"info","message":"::1 - - [26/Mar/2026:17:32:21 +0000] \"POST /api/auth/sign-up HTTP/1.1\" 500 1148 \"-\" \"HTTPie\"","service":"acquisitions-api"}
{"level":"error","message":"Signup error password is not defined","service":"acquisitions-api","stack":"ReferenceError: password is not defined\n    at signup (file:///home/przemek/acquisitions/src/controllers/auth.controller.js:19:54)\n    at Layer.handleRequest (/home/przemek/acquisitions/node_modules/router/lib/layer.js:152:17)\n    at next (/home/przemek/acquisitions/node_modules/router/lib/route.js:157:13)\n    at Route.dispatch (/home/przemek/acquisitions/node_modules/router/lib/route.js:117:3)\n    at handle (/home/przemek/acquisitions/node_modules/router/index.js:435:11)\n    at Layer.handleRequest (/home/przemek/acquisitions/node_modules/router/lib/layer.js:152:17)\n    at /home/przemek/acquisitions/node_modules/router/index.js:295:15\n    at processParams (/home/przemek/acquisitions/node_modules/router/index.js:582:12)\n    at next (/home/przemek/acquisitions/node_modules/router/index.js:291:5)\n    at Function.handle (/home/przemek/acquisitions/node_modules/router/index.js:186:3)"}
{"level":"info","message":"::1 - - [26/Mar/2026:17:32:22 +0000] \"POST /api/auth/sign-up HTTP/1.1\" 500 1148 \"-\" \"HTTPie\"","service":"acquisitions-api"}
{"level":"error","message":"Signup error password is not defined","service":"acquisitions-api","stack":"ReferenceError: password is not defined\n    at signup (file:///home/przemek/acquisitions/src/controllers/auth.controller.js:19:54)\n    at Layer.handleRequest (/home/przemek/acquisitions/node_modules/router/lib/layer.js:152:17)\n    at next (/home/przemek/acquisitions/node_modules/router/lib/route.js:157:13)\n    at Route.dispatch (/home/przemek/acquisitions/node_modules/router/lib/route.js:117:3)\n    at handle (/home/przemek/acquisitions/node_modules/router/index.js:435:11)\n    at Layer.handleRequest (/home/przemek/acquisitions/node_modules/router/lib/layer.js:152:17)\n    at /home/przemek/acquisitions/node_modules/router/index.js:295:15\n    at processParams (/home/przemek/acquisitions/node_modules/router/index.js:582:12)\n    at next (/home/przemek/acquisitions/node_modules/router/index.js:291:5)\n    at Function.handle (/home/przemek/acquisitions/node_modules/router/index.js:186:3)"}
{"level":"info","message":"::1 - - [26/Mar/2026:17:32:23 +0000] \"POST /api/auth/sign-up HTTP/1.1\" 500 1148 \"-\" \"HTTPie\"","service":"acquisitions-api"}
{"level":"error","message":"Signup error password is not defined","service":"acquisitions-api","stack":"ReferenceError: password is not defined\n    at signup (file:///home/przemek/acquisitions/src/controllers/auth.controller.js:19:54)\n    at Layer.handleRequest (/home/przemek/acquisitions/node_modules/router/lib/layer.js:152:17)\n    at next (/home/przemek/acquisitions/node_modules/router/lib/route.js:157:13)\n    at Route.dispatch (/home/przemek/acquisitions/node_modules/router/lib/route.js:117:3)\n    at handle (/home/przemek/acquisitions/node_modules/router/index.js:435:11)\n    at Layer.handleRequest (/home/przemek/acquisitions/node_modules/router/lib/layer.js:152:17)\n    at /home/przemek/acquisitions/node_modules/router/index.js:295:15\n    at processParams (/home/przemek/acquisitions/node_modules/router/index.js:582:12)\n    at next (/home/przemek/acquisitions/node_modules/router/index.js:291:5)\n    at Function.handle (/home/przemek/acquisitions/node_modules/router/index.js:186:3)"}
{"level":"info","message":"::1 - - [26/Mar/2026:17:32:23 +0000] \"POST /api/auth/sign-up HTTP/1.1\" 500 1148 \"-\" \"HTTPie\"","service":"acquisitions-api"}
{"level":"error","message":"Signup error password is not defined","service":"acquisitions-api","stack":"ReferenceError: password is not defined\n    at signup (file:///home/przemek/acquisitions/src/controllers/auth.controller.js:19:54)\n    at Layer.handleRequest (/home/przemek/acquisitions/node_modules/router/lib/layer.js:152:17)\n    at next (/home/przemek/acquisitions/node_modules/router/lib/route.js:157:13)\n    at Route.dispatch (/home/przemek/acquisitions/node_modules/router/lib/route.js:117:3)\n    at handle (/home/przemek/acquisitions/node_modules/router/index.js:435:11)\n    at Layer.handleRequest (/home/przemek/acquisitions/node_modules/router/lib/layer.js:152:17)\n    at /home/przemek/acquisitions/node_modules/router/index.js:295:15\n    at processParams (/home/przemek/acquisitions/node_modules/router/index.js:582:12)\n    at next (/home/przemek/acquisitions/node_modules/router/index.js:291:5)\n    at Function.handle (/home/przemek/acquisitions/node_modules/router/index.js:186:3)"}
{"level":"info","message":"::1 - - [26/Mar/2026:17:32:24 +0000] \"POST /api/auth/sign-up HTTP/1.1\" 500 1148 \"-\" \"HTTPie\"","service":"acquisitions-api"}
{"level":"error","message":"Signup error password is not defined","service":"acquisitions-api","stack":"ReferenceError: password is not defined\n    at signup (file:///home/przemek/acquisitions/src/controllers/auth.controller.js:19:54)\n    at Layer.handleRequest (/home/przemek/acquisitions/node_modules/router/lib/layer.js:152:17)\n    at next (/home/przemek/acquisitions/node_modules/router/lib/route.js:157:13)\n    at Route.dispatch (/home/przemek/acquisitions/node_modules/router/lib/route.js:117:3)\n    at handle (/home/przemek/acquisitions/node_modules/router/index.js:435:11)\n    at Layer.handleRequest (/home/przemek/acquisitions/node_modules/router/lib/layer.js:152:17)\n    at /home/przemek/acquisitions/node_modules/router/index.js:295:15\n    at processParams (/home/przemek/acquisitions/node_modules/router/index.js:582:12)\n    at next (/home/przemek/acquisitions/node_modules/router/index.js:291:5)\n    at Function.handle (/home/przemek/acquisitions/node_modules/router/index.js:186:3)"}
{"level":"info","message":"::1 - - [26/Mar/2026:17:32:24 +0000] \"POST /api/auth/sign-up HTTP/1.1\" 500 1148 \"-\" \"HTTPie\"","service":"acquisitions-api"}
{"level":"error","message":"Error creating the user: Error: Failed query: insert into \"users\" (\"id\", \"name\", \"email\", \"password\", \"role\", \"created_at\", \"updated_at\") values (default, $1, $2, default, $3, default, default) returning \"id\", \"name\", \"email\", \"role\", \"created_at\"\nparams: Admin,admin@gmail.com,admin","service":"acquisitions-api"}
{"level":"error","message":"Signup error jwttoken is not defined","service":"acquisitions-api","stack":"ReferenceError: jwttoken is not defined\n    at signup (file:///home/przemek/acquisitions/src/controllers/auth.controller.js:21:23)\n    at process.processTicksAndRejections (node:internal/process/task_queues:95:5)"}
{"level":"info","message":"::1 - - [26/Mar/2026:17:33:31 +0000] \"POST /api/auth/sign-up HTTP/1.1\" 500 365 \"-\" \"HTTPie\"","service":"acquisitions-api"}
{"level":"error","message":"Error creating the user: Error: Failed query: insert into \"users\" (\"id\", \"name\", \"email\", \"password\", \"role\", \"created_at\", \"updated_at\") values (default, $1, $2, default, $3, default, default) returning \"id\", \"name\", \"email\", \"role\", \"created_at\"\nparams: Admin,admin@gmail.com,admin","service":"acquisitions-api"}
{"level":"error","message":"Signup error jwttoken is not defined","service":"acquisitions-api","stack":"ReferenceError: jwttoken is not defined\n    at signup (file:///home/przemek/acquisitions/src/controllers/auth.controller.js:21:23)\n    at process.processTicksAndRejections (node:internal/process/task_queues:95:5)"}
{"level":"info","message":"::1 - - [26/Mar/2026:17:34:12 +0000] \"POST /api/auth/sign-up HTTP/1.1\" 500 365 \"-\" \"HTTPie\"","service":"acquisitions-api"}
{"level":"error","message":"Error creating the user: Error: Failed query: insert into \"users\" (\"id\", \"name\", \"email\", \"password\", \"role\", \"created_at\", \"updated_at\") values (default, $1, $2, default, $3, default, default) returning \"id\", \"name\", \"email\", \"role\", \"created_at\"\nparams: Admin,admin@gmail.com,admin","service":"acquisitions-api"}
{"level":"error","message":"Signup error Cannot read properties of undefined (reading 'id')","service":"acquisitions-api","stack":"TypeError: Cannot read properties of undefined (reading 'id')\n    at signup (file:///home/przemek/acquisitions/src/controllers/auth.controller.js:23:48)\n    at process.processTicksAndRejections (node:internal/process/task_queues:95:5)"}
{"level":"info","message":"::1 - - [26/Mar/2026:17:36:04 +0000] \"POST /api/auth/sign-up HTTP/1.1\" 500 395 \"-\" \"HTTPie\"","service":"acquisitions-api"}
{"level":"error","message":"Error creating the user: Error: Failed query: insert into \"users\" (\"id\", \"name\", \"email\", \"password\", \"role\", \"created_at\", \"updated_at\") values (default, $1, $2, default, $3, default, default) returning \"id\", \"name\", \"email\", \"role\", \"created_at\"\nparams: Admin,admin@gmail.com,admin","service":"acquisitions-api"}
{"level":"error","message":"Signup error Cannot read properties of undefined (reading 'id')","service":"acquisitions-api","stack":"TypeError: Cannot read properties of undefined (reading 'id')\n    at signup (file:///home/przemek/acquisitions/src/controllers/auth.controller.js:23:48)\n    at process.processTicksAndRejections (node:internal/process/task_queues:95:5)"}
{"level":"info","message":"::1 - - [26/Mar/2026:17:37:35 +0000] \"POST /api/auth/sign-up HTTP/1.1\" 500 395 \"-\" \"HTTPie\"","service":"acquisitions-api"}
{"level":"error","message":"Error creating the user: Error: Failed query: insert into \"users\" (\"id\", \"name\", \"email\", \"password\", \"role\", \"created_at\", \"updated_at\") values (default, $1, $2, default, $3, default, default) returning \"id\", \"name\", \"email\", \"role\", \"created_at\"\nparams: Admin,admin@gmail.com,admin","service":"acquisitions-api"}
{"level":"error","message":"Signup error Cannot read properties of undefined (reading 'id')","service":"acquisitions-api","stack":"TypeError: Cannot read properties of undefined (reading 'id')\n    at signup (file:///home/przemek/acquisitions/src/controllers/auth.controller.js:23:48)\n    at process.processTicksAndRejections (node:internal/process/task_queues:95:5)"}
{"level":"info","message":"::1 - - [26/Mar/2026:17:37:54 +0000] \"POST /api/auth/sign-up HTTP/1.1\" 500 395 \"-\" \"HTTPie\"","service":"acquisitions-api"}
{"level":"info","message":"User admin@gmail.com created successfully","service":"acquisitions-api"}
{"level":"info","message":"User registered succesfully: ${email}","service":"acquisitions-api"}
{"level":"info","message":"::1 - - [26/Mar/2026:17:39:02 +0000] \"POST /api/auth/sign-up HTTP/1.1\" 201 101 \"-\" \"HTTPie\"","service":"acquisitions-api"}
{"level":"error","message":"Error creating the user: Error: User already exists","service":"acquisitions-api"}
{"level":"error","message":"Signup error User already exists","service":"acquisitions-api","stack":"Error: User already exists\n    at createUser (file:///home/przemek/acquisitions/src/services/auth.service.js:29:13)\n    at process.processTicksAndRejections (node:internal/process/task_queues:95:5)\n    at async signup (file:///home/przemek/acquisitions/src/controllers/auth.controller.js:21:22)"}
{"level":"info","message":"::1 - - [26/Mar/2026:17:39:17 +0000] \"POST /api/auth/sign-up HTTP/1.1\" 500 460 \"-\" \"HTTPie\"","service":"acquisitions-api"}
{"level":"info","message":"User przemek@gmail.com created successfully","service":"acquisitions-api"}
{"level":"info","message":"User registered succesfully: ${email}","service":"acquisitions-api"}
{"level":"info","message":"::1 - - [26/Mar/2026:17:40:19 +0000] \"POST /api/auth/sign-up HTTP/1.1\" 201 104 \"-\" \"HTTPie\"","service":"acquisitions-api"}
{"level":"info","message":"User przemek@gmail.com authenticated successfully","service":"acquisitions-api"}
{"level":"info","message":"User signed in successfully: przemek@gmail.com","service":"acquisitions-api"}
{"level":"info","message":"::1 - - [26/Mar/2026:19:28:13 +0000] \"POST /api/auth/sign-in HTTP/1.1\" 200 116 \"-\" \"HTTPie\"","service":"acquisitions-api"}
{"level":"info","message":"User signed out successfully","service":"acquisitions-api"}
{"level":"info","message":"::1 - - [26/Mar/2026:19:28:33 +0000] \"POST /api/auth/sign-out HTTP/1.1\" 200 42 \"-\" \"HTTPie\"","service":"acquisitions-api"}
{"level":"info","message":"::1 - - [26/Mar/2026:19:53:39 +0000] \"GET /health HTTP/1.1\" 200 76 \"-\" \"HTTPie\"","service":"acquisitions-api"}
{"level":"info","message":"::1 - - [26/Mar/2026:19:53:45 +0000] \"GET /health HTTP/1.1\" 200 76 \"-\" \"HTTPie\"","service":"acquisitions-api"}
{"level":"info","message":"::1 - - [26/Mar/2026:19:53:45 +0000] \"GET /health HTTP/1.1\" 200 76 \"-\" \"HTTPie\"","service":"acquisitions-api"}
{"level":"info","message":"::1 - - [26/Mar/2026:19:53:45 +0000] \"GET /health HTTP/1.1\" 200 76 \"-\" \"HTTPie\"","service":"acquisitions-api"}
{"level":"info","message":"::1 - - [26/Mar/2026:19:53:46 +0000] \"GET /health HTTP/1.1\" 200 75 \"-\" \"HTTPie\"","service":"acquisitions-api"}
{"ip":"::1","level":"warn","message":"Rate limit exceeded","path":"/health","service":"acquisitions-api","userAgent":"HTTPie"}
{"level":"info","message":"::1 - - [26/Mar/2026:19:53:46 +0000] \"GET /health HTTP/1.1\" 403 51 \"-\" \"HTTPie\"","service":"acquisitions-api"}
{"ip":"::1","level":"warn","message":"Rate limit exceeded","path":"/health","service":"acquisitions-api","userAgent":"HTTPie"}
{"level":"info","message":"::1 - - [26/Mar/2026:19:53:46 +0000] \"GET /health HTTP/1.1\" 403 51 \"-\" \"HTTPie\"","service":"acquisitions-api"}
{"ip":"::1","level":"warn","message":"Rate limit exceeded","path":"/health","service":"acquisitions-api","userAgent":"HTTPie"}
{"level":"info","message":"::1 - - [26/Mar/2026:19:53:46 +0000] \"GET /health HTTP/1.1\" 403 51 \"-\" \"HTTPie\"","service":"acquisitions-api"}
{"ip":"::1","level":"warn","message":"Rate limit exceeded","path":"/health","service":"acquisitions-api","userAgent":"HTTPie"}
{"level":"info","message":"::1 - - [26/Mar/2026:19:53:46 +0000] \"GET /health HTTP/1.1\" 403 51 \"-\" \"HTTPie\"","service":"acquisitions-api"}
{"ip":"::1","level":"warn","message":"Rate limit exceeded","path":"/health","service":"acquisitions-api","userAgent":"HTTPie"}
{"level":"info","message":"::1 - - [26/Mar/2026:19:53:46 +0000] \"GET /health HTTP/1.1\" 403 51 \"-\" \"HTTPie\"","service":"acquisitions-api"}
